[debug] [2026-04-16T02:10:32.095Z] ----------------------------------------------------------------------
[debug] [2026-04-16T02:10:32.099Z] Command:       D:\code\New folder\node-v20.11.1-win-x64\node.exe D:\code\New folder\node-v20.11.1-win-x64\node_modules\firebase-tools\lib\bin\firebase.js init
[debug] [2026-04-16T02:10:32.099Z] CLI Version:   15.15.0
[debug] [2026-04-16T02:10:32.099Z] Platform:      win32
[debug] [2026-04-16T02:10:32.099Z] Node Version:  v20.11.1
[debug] [2026-04-16T02:10:32.100Z] Time:          Thu Apr 16 2026 07:40:32 GMT+0530 (India Standard Time)
[debug] [2026-04-16T02:10:32.100Z] ----------------------------------------------------------------------
[debug] 
[info] 
     ######## #### ########  ######## ########     ###     ######  ########
     ##        ##  ##     ## ##       ##     ##  ##   ##  ##       ##
     ######    ##  ########  ######   ########  #########  ######  ######
     ##        ##  ##    ##  ##       ##     ## ##     ##       ## ##
     ##       #### ##     ## ######## ########  ##     ##  ######  ########

You're about to initialize a Firebase project in this directory:

  D:\code\Nirman_FRACTXON_2

[info] 
=== Project Setup
[info] 
[info] First, let's associate this project directory with a Firebase project.
[info] You can create multiple project aliases by running firebase use --add, 
[info] 
[debug] [2026-04-16T02:10:46.114Z] > command requires scopes: ["email","openid","https://www.googleapis.com/auth/cloudplatformprojects.readonly","https://www.googleapis.com/auth/firebase","https://www.googleapis.com/auth/cloud-platform"]
[debug] [2026-04-16T02:10:46.115Z] > authorizing via signed-in user (indrayu.sandbhor@gmail.com)
[debug] [2026-04-16T02:10:46.116Z] Checked if tokens are valid: true, expires at: 1776308309591
[debug] [2026-04-16T02:10:46.116Z] Checked if tokens are valid: true, expires at: 1776308309591
[debug] [2026-04-16T02:10:46.118Z] >>> [apiv2][query] GET https://firebase.googleapis.com/v1beta1/projects/fractxon [none]
[debug] [2026-04-16T02:10:46.686Z] <<< [apiv2][status] GET https://firebase.googleapis.com/v1beta1/projects/fractxon 200
[debug] [2026-04-16T02:10:46.687Z] <<< [apiv2][body] GET https://firebase.googleapis.com/v1beta1/projects/fractxon {"projectId":"fractxon","projectNumber":"860802686971","displayName":"FRACTXON","name":"projects/fractxon","resources":{"hostingSite":"fractxon"},"state":"ACTIVE","etag":"1_5b8492cc-8e4f-4fbe-a8d6-46a96ffe6af1"}
[info] i  Using project fractxon (FRACTXON) . 
[info] 
=== Hosting Setup
[debug] [2026-04-16T02:11:13.212Z] Checked if tokens are valid: true, expires at: 1776308309591
[debug] [2026-04-16T02:11:13.212Z] Checked if tokens are valid: true, expires at: 1776308309591
[debug] [2026-04-16T02:11:13.212Z] >>> [apiv2][query] GET https://firebase.googleapis.com/v1beta1/projects/fractxon [none]
[debug] [2026-04-16T02:11:13.911Z] <<< [apiv2][status] GET https://firebase.googleapis.com/v1beta1/projects/fractxon 200
[debug] [2026-04-16T02:11:13.912Z] <<< [apiv2][body] GET https://firebase.googleapis.com/v1beta1/projects/fractxon {"projectId":"fractxon","projectNumber":"860802686971","displayName":"FRACTXON","name":"projects/fractxon","resources":{"hostingSite":"fractxon"},"state":"ACTIVE","etag":"1_5b8492cc-8e4f-4fbe-a8d6-46a96ffe6af1"}
[info] 
[info] Your public directory is the folder (relative to your project directory) that
[info] will contain Hosting assets to be uploaded with firebase deploy. If you
[info] have a build process for your assets, use your build's output directory.
[info] 
[info] 
[info] i  Detected a .git folder at D:\code\Nirman_FRACTXON_2 
[info] i  Authorizing with GitHub to upload your service account to a GitHub repository's secrets store. 
[info] 
[info] Visit this URL on this device to log in:
[info] https://github.com/login/oauth/authorize?client_id=89cf50f02ac6aaed3484&state=637091138&redirect_uri=http%3A%2F%2Flocalhost%3A9005&scope=read%3Auser%20repo%20public_repo
[info] 
[info] Waiting for authentication...
[debug] [2026-04-16T02:11:35.312Z] >>> [apiv2][query] POST https://github.com/login/oauth/access_token [none]
[debug] [2026-04-16T02:11:35.313Z] >>> [apiv2][body] POST https://github.com/login/oauth/access_token [stream]
[debug] [2026-04-16T02:11:35.751Z] <<< [apiv2][status] POST https://github.com/login/oauth/access_token 200
[debug] [2026-04-16T02:11:35.752Z] <<< [apiv2][body] POST https://github.com/login/oauth/access_token {"access_token":"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","token_type":"bearer","scope":"read:user,repo"}
[debug] [2026-04-16T02:11:35.764Z] >>> [apiv2][query] GET https://api.github.com/user [none]
[debug] [2026-04-16T02:11:36.170Z] <<< [apiv2][status] GET https://api.github.com/user 200
[debug] [2026-04-16T02:11:36.171Z] <<< [apiv2][body] GET https://api.github.com/user {"login":"1ndrayu","id":149798415,"node_id":"U_kgDOCO2-Dw","avatar_url":"https://avatars.githubusercontent.com/u/149798415?v=4","gravatar_id":"","url":"https://api.github.com/users/1ndrayu","html_url":"https://github.com/1ndrayu","followers_url":"https://api.github.com/users/1ndrayu/followers","following_url":"https://api.github.com/users/1ndrayu/following{/other_user}","gists_url":"https://api.github.com/users/1ndrayu/gists{/gist_id}","starred_url":"https://api.github.com/users/1ndrayu/starred{/owner}{/repo}","subscriptions_url":"https://api.github.com/users/1ndrayu/subscriptions","organizations_url":"https://api.github.com/users/1ndrayu/orgs","repos_url":"https://api.github.com/users/1ndrayu/repos","events_url":"https://api.github.com/users/1ndrayu/events{/privacy}","received_events_url":"https://api.github.com/users/1ndrayu/received_events","type":"User","user_view_type":"private","site_admin":false,"name":"Indrayu Sandbhor","company":null,"blog":"indrayu.carrd.co","location":null,"email":null,"hireable":null,"bio":"If you’re building something that matters, and want an all-round integrator in the room, reach out!","twitter_username":null,"notification_email":null,"public_repos":35,"public_gists":0,"followers":0,"following":0,"created_at":"2023-11-03T13:13:24Z","updated_at":"2026-03-07T11:40:17Z","private_gists":0,"total_private_repos":4,"owned_private_repos":4,"disk_usage":1297394,"collaborators":0,"two_factor_authentication":false,"plan":{"name":"free","space":976562499,"collaborators":0,"private_repos":10000}}
[info] 
[info] +  Success! Logged into GitHub as 1ndrayu 
[info] 
[debug] [2026-04-16T02:12:16.869Z] ExitPromptError: User force closed the prompt with SIGINT
    at Interface.sigint (D:\code\New folder\node-v20.11.1-win-x64\node_modules\firebase-tools\node_modules\@inquirer\core\dist\commonjs\lib\create-prompt.js:101:37)
    at Interface.emit (node:events:518:28)
    at [_ttyWrite] [as _ttyWrite] (node:internal/readline/interface:1125:18)
    at ReadStream.onkeypress (node:internal/readline/interface:264:20)
    at ReadStream.emit (node:events:530:35)
    at emitKeys (node:internal/readline/utils:371:14)
    at emitKeys.next (<anonymous>)
    at ReadStream.onData (node:internal/readline/emitKeypressEvents:64:36)
    at ReadStream.emit (node:events:518:28)
    at addChunk (node:internal/streams/readable:559:12)
[error] 
[error] Error: An unexpected error has occurred.
[debug] [2026-04-16T02:12:22.098Z] ----------------------------------------------------------------------
[debug] [2026-04-16T02:12:22.101Z] Command:       D:\code\New folder\node-v20.11.1-win-x64\node.exe D:\code\New folder\node-v20.11.1-win-x64\node_modules\firebase-tools\lib\bin\firebase.js init
[debug] [2026-04-16T02:12:22.102Z] CLI Version:   15.15.0
[debug] [2026-04-16T02:12:22.102Z] Platform:      win32
[debug] [2026-04-16T02:12:22.102Z] Node Version:  v20.11.1
[debug] [2026-04-16T02:12:22.102Z] Time:          Thu Apr 16 2026 07:42:22 GMT+0530 (India Standard Time)
[debug] [2026-04-16T02:12:22.102Z] ----------------------------------------------------------------------
[debug] 
[info] 
     ######## #### ########  ######## ########     ###     ######  ########
     ##        ##  ##     ## ##       ##     ##  ##   ##  ##       ##
     ######    ##  ########  ######   ########  #########  ######  ######
     ##        ##  ##    ##  ##       ##     ## ##     ##       ## ##
     ##       #### ##     ## ######## ########  ##     ##  ######  ########

You're about to initialize a Firebase project in this directory:

  D:\code\Nirman_FRACTXON_2

[info] 
=== Project Setup
[info] 
[info] First, let's associate this project directory with a Firebase project.
[info] You can create multiple project aliases by running firebase use --add, 
[info] 
[debug] [2026-04-16T02:12:36.279Z] > command requires scopes: ["email","openid","https://www.googleapis.com/auth/cloudplatformprojects.readonly","https://www.googleapis.com/auth/firebase","https://www.googleapis.com/auth/cloud-platform"]
[debug] [2026-04-16T02:12:36.279Z] > authorizing via signed-in user (indrayu.sandbhor@gmail.com)
[debug] [2026-04-16T02:12:36.281Z] Checked if tokens are valid: true, expires at: 1776308309591
[debug] [2026-04-16T02:12:36.281Z] Checked if tokens are valid: true, expires at: 1776308309591
[debug] [2026-04-16T02:12:36.283Z] >>> [apiv2][query] GET https://firebase.googleapis.com/v1beta1/projects/fractxon [none]
[debug] [2026-04-16T02:12:37.070Z] <<< [apiv2][status] GET https://firebase.googleapis.com/v1beta1/projects/fractxon 200
[debug] [2026-04-16T02:12:37.070Z] <<< [apiv2][body] GET https://firebase.googleapis.com/v1beta1/projects/fractxon {"projectId":"fractxon","projectNumber":"860802686971","displayName":"FRACTXON","name":"projects/fractxon","resources":{"hostingSite":"fractxon"},"state":"ACTIVE","etag":"1_5b8492cc-8e4f-4fbe-a8d6-46a96ffe6af1"}
[info] i  Using project fractxon (FRACTXON) . 
[info] 
=== Hosting Setup
